.:
total 380
drwxrwxrwx 1 root root   8192 Jun  8 23:46 .
drwxrwxrwx 1 root root   4096 Jun  8 22:59 ..
-rwxrwxrwx 1 root root    117 Mar 10 11:38 create_files.sh
-rwxrwxrwx 1 root root    182 Jun  8 23:19 makefile
-rwxrwxrwx 1 root root   8464 Jun  8 23:45 p01
-rwxrwxrwx 1 root root     36 Jun  8 23:20 p01_a.sh
-rwxrwxrwx 1 root root    443 Jun  8 20:46 p01.c
-rwxrwxrwx 1 root root   8384 Jun  8 23:45 p02
-rwxrwxrwx 1 root root    162 Jun  8 20:47 p02_a.md
-rwxrwxrwx 1 root root     36 Jun  8 23:20 p02_b.sh
-rwxrwxrwx 1 root root    257 Jun  8 20:47 p02.c
-rwxrwxrwx 1 root root   8528 Jun  8 23:45 p03
-rwxrwxrwx 1 root root    655 Jun  8 20:47 p03.c
-rwxrwxrwx 1 root root     37 Jun  8 23:24 p03.sh
-rwxrwxrwx 1 root root   8432 Jun  8 23:45 p04_a
-rwxrwxrwx 1 root root    469 Jun  8 20:47 p04_a.c
-rwxrwxrwx 1 root root     42 Jun  8 23:34 p04_a.sh
-rwxrwxrwx 1 root root   8432 Jun  8 23:45 p04_b
-rwxrwxrwx 1 root root    469 Jun  8 20:47 p04_b.c
-rwxrwxrwx 1 root root     42 Jun  8 23:34 p04_b.sh
-rwxrwxrwx 1 root root   8424 Jun  8 23:45 p05
-rwxrwxrwx 1 root root    792 Jun  8 20:47 p05.c
-rwxrwxrwx 1 root root     36 Jun  8 23:34 p05.sh
-rwxrwxrwx 1 root root   8600 Jun  8 23:46 p06
-rwxrwxrwx 1 root root   1148 Jun  8 20:48 p06.c
-rwxrwxrwx 1 root root     36 Jun  8 23:34 p06.sh
-rwxrwxrwx 1 root root   8408 Jun  8 23:46 p07
-rwxrwxrwx 1 root root    304 Jun  8 20:48 p07.c
-rwxrwxrwx 1 root root     40 Jun  8 23:34 p07.sh
-rwxrwxrwx 1 root root   8472 Jun  8 23:46 p08_a
-rwxrwxrwx 1 root root    565 Jun  8 20:48 p08_a.c
-rwxrwxrwx 1 root root     44 Jun  8 23:34 p08_a.sh
-rwxrwxrwx 1 root root   8472 Jun  8 23:46 p08_b
-rwxrwxrwx 1 root root    569 Jun  8 20:48 p08_b.c
-rwxrwxrwx 1 root root     44 Jun  8 23:36 p08_b.sh
-rwxrwxrwx 1 root root   8472 Jun  8 23:46 p08_c
-rwxrwxrwx 1 root root    654 Jun  8 20:48 p08_c.c
-rwxrwxrwx 1 root root     44 Jun  8 23:37 p08_c.sh
-rwxrwxrwx 1 root root   8472 Jun  8 23:46 p08_d
-rwxrwxrwx 1 root root    601 Jun  8 20:48 p08_d.c
-rwxrwxrwx 1 root root     44 Jun  8 23:37 p08_d.sh
-rwxrwxrwx 1 root root   8472 Jun  8 23:46 p08_e
-rwxrwxrwx 1 root root    607 Jun  8 20:48 p08_e.c
-rwxrwxrwx 1 root root     44 Jun  8 23:38 p08_e.sh
-rwxrwxrwx 1 root root   8512 Jun  8 23:46 p09_a
-rwxrwxrwx 1 root root    939 Jun  8 20:48 p09_a.c
-rwxrwxrwx 1 root root    137 Jun  8 23:45 p09_a.sh
-rwxrwxrwx 1 root root   8600 Jun  8 23:46 p10
-rwxrwxrwx 1 root root    822 Mar 10 11:38 p10.c
-rwxrwxrwx 1 root root     55 Jun  8 23:45 p10.sh
-rwxrwxrwx 1 root root 133155 Mar  9 15:30 Prob_03.pdf
-rwxrwxrwx 1 root root   2616 Jun  8 23:45 text.out
